<?xml version="1.0" encoding="UTF-8"?>
<testsuite name="com.kodilla.kodillalibrary.LoanTest" tests="1" skipped="0" failures="0" errors="0" timestamp="2023-11-11T17:42:55" hostname="MADA" time="1.276">
  <properties/>
  <testcase name="testGettersAndSetters()" classname="com.kodilla.kodillalibrary.LoanTest" time="1.276"/>
  <system-out><![CDATA[]]></system-out>
  <system-err><![CDATA[]]></system-err>
</testsuite>
